<?xml version="1.0" encoding="utf-8"?><testsuites name="pytest tests"><testsuite name="pytest" errors="0" failures="0" skipped="0" tests="20" time="6.256" timestamp="2026-08-28T12:29:57.531780+08:00" hostname="FlowX"><testcase classname="tests.test_data_gates" name="test_200m_exact_boundary" time="0.008" /><testcase classname="tests.test_data_gates" name="test_diagonal_8_neighbour_component_and_depot_exclusion" time="0.135" /><testcase classname="tests.test_data_gates" name="test_50_to_100m_population_mass_conservation" time="0.092" /><testcase classname="tests.test_data_gates" name="test_dem_zero_valid_and_nodata_blocker" time="0.013" /><testcase classname="tests.test_data_gates" name="test_nz_osm_failure_and_licensed_fallback_without_api" time="0.830" /><testcase classname="tests.test_data_gates" name="test_pbf_tag_parser_and_vector_preparation" time="0.083" /><testcase classname="tests.test_data_gates" name="test_manual_download_and_credentials_not_catalogued" time="0.002" /><testcase classname="tests.test_pipeline" name="test_exact_twenty_percent_and_depot_excluded" time="0.000" /><testcase classname="tests.test_pipeline" name="test_disconnected_near_road_is_bad" time="0.000" /><testcase classname="tests.test_pipeline" name="test_strict_slicing_recomputes_blockers_and_tie_break" time="0.000" /><testcase classname="tests.test_pipeline" name="test_reverse_energy_and_rounding" time="0.000" /><testcase classname="tests.test_pipeline" name="test_slope_within_edge_only_and_midrank" time="0.001" /><testcase classname="tests.test_pipeline" name="test_roundabout_preserves_directed_cycle" time="0.006" /><testcase classname="tests.test_pipeline" name="test_gap_fill_preserves_branches" time="0.000" /><testcase classname="tests.test_pipeline" name="test_end_to_end_and_determinism" time="2.627" /><testcase classname="tests.test_pipeline" name="test_mother_reuse_without_dem_road_recalculation" time="1.016" /><testcase classname="tests.test_pipeline" name="test_reserve_is_single_leg_not_roundtrip" time="0.001" /><testcase classname="tests.test_pipeline" name="test_existing_output_never_overwritten" time="0.007" /><testcase classname="tests.test_pipeline" name="test_missing_nz_parameters_fail" time="0.001" /><testcase classname="tests.test_pipeline" name="test_transfer_bundle_preserves_raw_and_mother" time="0.418" /></testsuite></testsuites>